2020-02-04 02:06:28 [scrapy.utils.log] INFO: Scrapy 1.5.1 started (bot: scrapy_app)
2020-02-04 02:06:28 [scrapy.utils.log] INFO: Versions: lxml 4.2.5.0, libxml2 2.9.8, cssselect 1.0.3, parsel 1.5.1, w3lib 1.19.0, Twisted 18.9.0, Python 3.7.3 (default, Oct  7 2019, 12:56:13) - [GCC 8.3.0], pyOpenSSL 18.0.0 (OpenSSL 1.1.0i  14 Aug 2018), cryptography 2.3.1, Platform Linux-5.0.0-38-generic-x86_64-with-Ubuntu-19.04-disco
2020-02-04 02:06:28 [scrapy.crawler] INFO: Overridden settings: {'BOT_NAME': 'scrapy_app', 'LOG_FILE': 'logs/default/icrawler/f162343e46f211ea88a864006a5a862f.log', 'NEWSPIDER_MODULE': 'scrapy_app.spiders', 'ROBOTSTXT_OBEY': True, 'SPIDER_MODULES': ['scrapy_app.spiders'], 'USER_AGENT': 'Mozilla/5.0 (compatible; Googlebot/2.1; +http://www.google.com/bot.html)'}
2020-02-04 02:06:28 [scrapy.middleware] INFO: Enabled extensions:
['scrapy.extensions.corestats.CoreStats',
 'scrapy.extensions.telnet.TelnetConsole',
 'scrapy.extensions.memusage.MemoryUsage',
 'scrapy.extensions.logstats.LogStats']
2020-02-04 02:06:28 [scrapy.middleware] INFO: Enabled downloader middlewares:
['scrapy.downloadermiddlewares.robotstxt.RobotsTxtMiddleware',
 'scrapy.downloadermiddlewares.httpauth.HttpAuthMiddleware',
 'scrapy.downloadermiddlewares.downloadtimeout.DownloadTimeoutMiddleware',
 'scrapy.downloadermiddlewares.defaultheaders.DefaultHeadersMiddleware',
 'scrapy.downloadermiddlewares.useragent.UserAgentMiddleware',
 'scrapy.downloadermiddlewares.retry.RetryMiddleware',
 'scrapy.downloadermiddlewares.redirect.MetaRefreshMiddleware',
 'scrapy.downloadermiddlewares.httpcompression.HttpCompressionMiddleware',
 'scrapy.downloadermiddlewares.redirect.RedirectMiddleware',
 'scrapy.downloadermiddlewares.cookies.CookiesMiddleware',
 'scrapy.downloadermiddlewares.httpproxy.HttpProxyMiddleware',
 'scrapy.downloadermiddlewares.stats.DownloaderStats']
2020-02-04 02:06:28 [scrapy.middleware] INFO: Enabled spider middlewares:
['scrapy.spidermiddlewares.httperror.HttpErrorMiddleware',
 'scrapy.spidermiddlewares.offsite.OffsiteMiddleware',
 'scrapy.spidermiddlewares.referer.RefererMiddleware',
 'scrapy.spidermiddlewares.urllength.UrlLengthMiddleware',
 'scrapy.spidermiddlewares.depth.DepthMiddleware']
2020-02-04 02:06:28 [scrapy.middleware] INFO: Enabled item pipelines:
['scrapy_app.pipelines.ScrapyAppPipeline']
2020-02-04 02:06:28 [scrapy.core.engine] INFO: Spider opened
2020-02-04 02:06:28 [scrapy.extensions.logstats] INFO: Crawled 0 pages (at 0 pages/min), scraped 0 items (at 0 items/min)
2020-02-04 02:06:28 [py.warnings] WARNING: /home/tutran985/.local/lib/python3.7/site-packages/scrapy/spidermiddlewares/offsite.py:59: URLWarning: allowed_domains accepts only domains, not URLs. Ignoring URL entry https://google.com in allowed_domains.
  warnings.warn("allowed_domains accepts only domains, not URLs. Ignoring URL entry %s in allowed_domains." % domain, URLWarning)

2020-02-04 02:06:28 [scrapy.extensions.telnet] DEBUG: Telnet console listening on 127.0.0.1:6023
2020-02-04 02:06:28 [scrapy.downloadermiddlewares.retry] DEBUG: Retrying <GET http://https/robots.txt> (failed 1 times): DNS lookup failed: no results for hostname lookup: https.
2020-02-04 02:06:28 [scrapy.downloadermiddlewares.retry] DEBUG: Retrying <GET http://https/robots.txt> (failed 2 times): DNS lookup failed: no results for hostname lookup: https.
2020-02-04 02:06:28 [scrapy.downloadermiddlewares.retry] DEBUG: Gave up retrying <GET http://https/robots.txt> (failed 3 times): DNS lookup failed: no results for hostname lookup: https.
2020-02-04 02:06:28 [scrapy.downloadermiddlewares.robotstxt] ERROR: Error downloading <GET http://https/robots.txt>: DNS lookup failed: no results for hostname lookup: https.
Traceback (most recent call last):
  File "/home/tutran985/.local/lib/python3.7/site-packages/twisted/internet/defer.py", line 1416, in _inlineCallbacks
    result = result.throwExceptionIntoGenerator(g)
  File "/home/tutran985/.local/lib/python3.7/site-packages/twisted/python/failure.py", line 491, in throwExceptionIntoGenerator
    return g.throw(self.type, self.value, self.tb)
  File "/home/tutran985/.local/lib/python3.7/site-packages/scrapy/core/downloader/middleware.py", line 43, in process_request
    defer.returnValue((yield download_func(request=request,spider=spider)))
  File "/home/tutran985/.local/lib/python3.7/site-packages/twisted/internet/defer.py", line 654, in _runCallbacks
    current.result = callback(current.result, *args, **kw)
  File "/home/tutran985/.local/lib/python3.7/site-packages/twisted/internet/endpoints.py", line 975, in startConnectionAttempts
    "no results for hostname lookup: {}".format(self._hostStr)
twisted.internet.error.DNSLookupError: DNS lookup failed: no results for hostname lookup: https.
2020-02-04 02:06:28 [scrapy.downloadermiddlewares.retry] DEBUG: Retrying <GET http://https//google.com/> (failed 1 times): DNS lookup failed: no results for hostname lookup: https.
2020-02-04 02:06:28 [scrapy.downloadermiddlewares.retry] DEBUG: Retrying <GET http://https//google.com/> (failed 2 times): DNS lookup failed: no results for hostname lookup: https.
2020-02-04 02:06:28 [scrapy.downloadermiddlewares.retry] DEBUG: Gave up retrying <GET http://https//google.com/> (failed 3 times): DNS lookup failed: no results for hostname lookup: https.
2020-02-04 02:06:28 [scrapy.core.scraper] ERROR: Error downloading <GET http://https//google.com/>
Traceback (most recent call last):
  File "/home/tutran985/.local/lib/python3.7/site-packages/twisted/internet/defer.py", line 1416, in _inlineCallbacks
    result = result.throwExceptionIntoGenerator(g)
  File "/home/tutran985/.local/lib/python3.7/site-packages/twisted/python/failure.py", line 491, in throwExceptionIntoGenerator
    return g.throw(self.type, self.value, self.tb)
  File "/home/tutran985/.local/lib/python3.7/site-packages/scrapy/core/downloader/middleware.py", line 43, in process_request
    defer.returnValue((yield download_func(request=request,spider=spider)))
  File "/home/tutran985/.local/lib/python3.7/site-packages/twisted/internet/defer.py", line 654, in _runCallbacks
    current.result = callback(current.result, *args, **kw)
  File "/home/tutran985/.local/lib/python3.7/site-packages/twisted/internet/endpoints.py", line 975, in startConnectionAttempts
    "no results for hostname lookup: {}".format(self._hostStr)
twisted.internet.error.DNSLookupError: DNS lookup failed: no results for hostname lookup: https.
2020-02-04 02:06:28 [scrapy.core.engine] INFO: Closing spider (finished)
2020-02-04 02:06:28 [scrapy.statscollectors] INFO: Dumping Scrapy stats:
{'downloader/exception_count': 6,
 'downloader/exception_type_count/twisted.internet.error.DNSLookupError': 6,
 'downloader/request_bytes': 1536,
 'downloader/request_count': 6,
 'downloader/request_method_count/GET': 6,
 'finish_reason': 'finished',
 'finish_time': datetime.datetime(2020, 2, 4, 2, 6, 28, 546177),
 'log_count/DEBUG': 7,
 'log_count/ERROR': 2,
 'log_count/INFO': 7,
 'log_count/WARNING': 1,
 'memusage/max': 66572288,
 'memusage/startup': 66572288,
 'retry/count': 4,
 'retry/max_reached': 2,
 'retry/reason_count/twisted.internet.error.DNSLookupError': 4,
 'scheduler/dequeued': 3,
 'scheduler/dequeued/memory': 3,
 'scheduler/enqueued': 3,
 'scheduler/enqueued/memory': 3,
 'start_time': datetime.datetime(2020, 2, 4, 2, 6, 28, 328099)}
2020-02-04 02:06:28 [scrapy.core.engine] INFO: Spider closed (finished)
